{"timestamp":"2021-07-11T19:49:48.002Z","path":"/users","status":401}
{"timestamp":"2021-07-11T19:49:48.010Z","path":"/boards/12345/tasks","status":401}
{"timestamp":"2021-07-11T19:49:48.016Z","path":"/boards","status":401}
{"timestamp":"2021-07-11T19:49:48.036Z","path":"/users/123","status":401}
{"timestamp":"2021-07-11T19:49:48.044Z","path":"/boards/12345/tasks/12345","status":401}
{"timestamp":"2021-07-11T19:49:48.048Z","path":"/boards/12345","status":401}
{"timestamp":"2021-07-11T19:49:48.069Z","path":"/users","status":401}
{"timestamp":"2021-07-11T19:49:48.073Z","path":"/boards/12345/tasks","status":401}
{"timestamp":"2021-07-11T19:49:48.076Z","path":"/boards","status":401}
{"timestamp":"2021-07-11T19:49:48.093Z","path":"/users/12345","status":401}
{"timestamp":"2021-07-11T19:49:48.096Z","path":"/boards/12345/tasks/12345","status":401}
{"timestamp":"2021-07-11T19:49:48.098Z","path":"/boards/12345","status":401}
{"timestamp":"2021-07-11T19:49:48.113Z","path":"/users/12345","status":401}
{"timestamp":"2021-07-11T19:49:48.115Z","path":"/boards/12345/tasks/12345","status":401}
{"timestamp":"2021-07-11T19:49:48.117Z","path":"/boards/12345","status":401}
{"timestamp":"2021-07-11T19:49:49.397Z","path":"/boards/11425ccf-124b-432d-8ab9-c5859d1375d3/tasks/95807e02-5bde-4b38-84cc-951d6c704f7a","status":404}
{"timestamp":"2021-07-11T19:49:49.516Z","path":"/boards/a2aa7496-0acc-412f-aee3-11908199d9ff","status":404}
{"timestamp":"2021-07-11T19:49:50.147Z","path":"/boards/506f5ae0-3e4c-4377-8bb4-89441c84e86f/tasks/cd45c1ac-9589-43de-9376-0fffdbf63117","status":404}
{"timestamp":"2021-07-11T19:49:50.154Z","path":"/boards/506f5ae0-3e4c-4377-8bb4-89441c84e86f/tasks/758f2d21-5912-4d8d-ad08-738c4d8010f2","status":404}
{"timestamp":"2021-07-11T19:49:50.156Z","path":"/boards/506f5ae0-3e4c-4377-8bb4-89441c84e86f/tasks/d41fe426-bafd-4c04-8966-26c2635496f4","status":404}
{"timestamp":"2021-07-11T19:49:50.188Z","path":"/boards/506f5ae0-3e4c-4377-8bb4-89441c84e86f/tasks/bd1ca516-5327-4b54-bc50-1bc5d36af48f","status":404}
{"timestamp":"2021-07-11T19:49:50.213Z","path":"/boards/506f5ae0-3e4c-4377-8bb4-89441c84e86f/tasks/99a202eb-26a7-43b8-8eb1-8dcdf7881726","status":404}
