[GET] /users : 200 : Body={} : Query={} [6ms]
[POST] /users : 201 : Body={"name":"TEST_USER","login":"test_user","password":"T35t_P@55w0rd"} : Query={} [1ms]
[GET] /users/064910f0-c6c9-11eb-8abd-53a2e1e8cb81 : 200 : Body={} : Query={} [1ms]
[DELETE] /users/064910f0-c6c9-11eb-8abd-53a2e1e8cb81 : 204 : Body={} : Query={} [1ms]
[POST] /users : 201 : Body={"name":"TEST_USER","login":"test_user","password":"T35t_P@55w0rd"} : Query={} [0ms]
[DELETE] /users/064b33d0-c6c9-11eb-8abd-53a2e1e8cb81 : 204 : Body={} : Query={} [1ms]
[POST] /users : 201 : Body={"name":"TEST_USER","login":"test_user","password":"T35t_P@55w0rd"} : Query={} [1ms]
[PUT] /users/064c4540-c6c9-11eb-8abd-53a2e1e8cb81 : 200 : Body={"name":"Autotest updated TEST_USER","login":"test_user","password":"T35t_P@55w0rd","id":"064c4540-c6c9-11eb-8abd-53a2e1e8cb81"} : Query={} [1ms]
[GET] /users/064c4540-c6c9-11eb-8abd-53a2e1e8cb81 : 200 : Body={} : Query={} [0ms]
[DELETE] /users/064c4540-c6c9-11eb-8abd-53a2e1e8cb81 : 204 : Body={} : Query={} [0ms]
[POST] /users : 201 : Body={"name":"TEST_USER","login":"test_user","password":"T35t_P@55w0rd"} : Query={} [1ms]
[DELETE] /users/064dcbe0-c6c9-11eb-8abd-53a2e1e8cb81 : 204 : Body={} : Query={} [0ms]
[POST] /users : 201 : Body={"name":"TEST_USER","login":"test_user","password":"T35t_P@55w0rd"} : Query={} [1ms]
[POST] /boards : 201 : Body={"title":"Autotest board","columns":[{"title":"Backlog","order":1},{"title":"Sprint","order":2}]} : Query={} [1ms]
[POST] /boards/064f0460-c6c9-11eb-8abd-53a2e1e8cb81/tasks : 201 : Body={"title":"Task #1","order":1,"description":"Lorem ipsum","userId":"064e8f30-c6c9-11eb-8abd-53a2e1e8cb81","boardId":"064f0460-c6c9-11eb-8abd-53a2e1e8cb81"} : Query={} [1ms]
[POST] /boards/064f0460-c6c9-11eb-8abd-53a2e1e8cb81/tasks : 201 : Body={"title":"Task #2","order":2,"description":"Lorem ipsum","userId":"064e8f30-c6c9-11eb-8abd-53a2e1e8cb81","boardId":"064f0460-c6c9-11eb-8abd-53a2e1e8cb81"} : Query={} [1ms]
[DELETE] /users/064e8f30-c6c9-11eb-8abd-53a2e1e8cb81 : 204 : Body={} : Query={} [1ms]
[GET] /boards/064f0460-c6c9-11eb-8abd-53a2e1e8cb81/tasks/064fc7b0-c6c9-11eb-8abd-53a2e1e8cb81 : 200 : Body={} : Query={} [0ms]
[GET] /boards/064f0460-c6c9-11eb-8abd-53a2e1e8cb81/tasks/064feec0-c6c9-11eb-8abd-53a2e1e8cb81 : 200 : Body={} : Query={} [1ms]
[DELETE] /boards/064f0460-c6c9-11eb-8abd-53a2e1e8cb81/tasks/064fc7b0-c6c9-11eb-8abd-53a2e1e8cb81 : 204 : Body={} : Query={} [1ms]
[DELETE] /boards/064f0460-c6c9-11eb-8abd-53a2e1e8cb81/tasks/064feec0-c6c9-11eb-8abd-53a2e1e8cb81 : 204 : Body={} : Query={} [0ms]
[DELETE] /boards/064f0460-c6c9-11eb-8abd-53a2e1e8cb81 : 204 : Body={} : Query={} [1ms]
[POST] /boards : 201 : Body={"title":"Autotest board","columns":[{"title":"Backlog","order":1},{"title":"Sprint","order":2}]} : Query={} [0ms]
[GET] /boards : 200 : Body={} : Query={} [0ms]
[GET] /boards : 200 : Body={} : Query={} [1ms]
[GET] /boards/066d61d0-c6c9-11eb-8abd-53a2e1e8cb81 : 200 : Body={} : Query={} [1ms]
[POST] /boards : 201 : Body={"title":"Autotest board","columns":[{"title":"Backlog","order":1},{"title":"Sprint","order":2}]} : Query={} [0ms]
[DELETE] /boards/06715970-c6c9-11eb-8abd-53a2e1e8cb81 : 204 : Body={} : Query={} [0ms]
[POST] /boards : 201 : Body={"title":"Autotest board","columns":[{"title":"Backlog","order":1},{"title":"Sprint","order":2}]} : Query={} [0ms]
[PUT] /boards/06721cc0-c6c9-11eb-8abd-53a2e1e8cb81 : 200 : Body={"id":"06721cc0-c6c9-11eb-8abd-53a2e1e8cb81","title":"Autotest updated board","columns":[{"id":"06721cc1-c6c9-11eb-8abd-53a2e1e8cb81","title":"Backlog","order":1},{"id":"06721cc2-c6c9-11eb-8abd-53a2e1e8cb81","title":"Sprint","order":2}]} : Query={} [1ms]
[GET] /boards/06721cc0-c6c9-11eb-8abd-53a2e1e8cb81 : 200 : Body={} : Query={} [1ms]
[DELETE] /boards/06721cc0-c6c9-11eb-8abd-53a2e1e8cb81 : 204 : Body={} : Query={} [1ms]
[POST] /boards : 201 : Body={"title":"Autotest board","columns":[{"title":"Backlog","order":1},{"title":"Sprint","order":2}]} : Query={} [0ms]
[DELETE] /boards/0673ca70-c6c9-11eb-8abd-53a2e1e8cb81 : 204 : Body={} : Query={} [0ms]
[GET] /boards/0673ca70-c6c9-11eb-8abd-53a2e1e8cb81 : 404 : Body={} : Query={} [1ms]
[POST] /boards : 201 : Body={"title":"Autotest board","columns":[{"title":"Backlog","order":1},{"title":"Sprint","order":2}]} : Query={} [1ms]
[POST] /boards/0674dbe0-c6c9-11eb-8abd-53a2e1e8cb81/tasks : 201 : Body={"title":"Task #5","order":5,"description":"Lorem ipsum","boardId":"0674dbe0-c6c9-11eb-8abd-53a2e1e8cb81","userId":null,"columnId":null} : Query={} [1ms]
[POST] /boards/0674dbe0-c6c9-11eb-8abd-53a2e1e8cb81/tasks : 201 : Body={"title":"Task #3","order":3,"description":"Lorem ipsum","boardId":"0674dbe0-c6c9-11eb-8abd-53a2e1e8cb81","userId":null,"columnId":null} : Query={} [0ms]
[POST] /boards/0674dbe0-c6c9-11eb-8abd-53a2e1e8cb81/tasks : 201 : Body={"title":"Task #4","order":4,"description":"Lorem ipsum","boardId":"0674dbe0-c6c9-11eb-8abd-53a2e1e8cb81","userId":null,"columnId":null} : Query={} [0ms]
[POST] /boards/0674dbe0-c6c9-11eb-8abd-53a2e1e8cb81/tasks : 201 : Body={"title":"Task #2","order":2,"description":"Lorem ipsum","boardId":"0674dbe0-c6c9-11eb-8abd-53a2e1e8cb81","userId":null,"columnId":null} : Query={} [0ms]
[POST] /boards/0674dbe0-c6c9-11eb-8abd-53a2e1e8cb81/tasks : 201 : Body={"title":"Task #1","order":1,"description":"Lorem ipsum","boardId":"0674dbe0-c6c9-11eb-8abd-53a2e1e8cb81","userId":null,"columnId":null} : Query={} [0ms]
[GET] /boards/0674dbe0-c6c9-11eb-8abd-53a2e1e8cb81/tasks/0675c640-c6c9-11eb-8abd-53a2e1e8cb81 : 200 : Body={} : Query={} [0ms]
[GET] /boards/0674dbe0-c6c9-11eb-8abd-53a2e1e8cb81/tasks/06761461-c6c9-11eb-8abd-53a2e1e8cb81 : 200 : Body={} : Query={} [0ms]
[GET] /boards/0674dbe0-c6c9-11eb-8abd-53a2e1e8cb81/tasks/06763b70-c6c9-11eb-8abd-53a2e1e8cb81 : 200 : Body={} : Query={} [0ms]
[GET] /boards/0674dbe0-c6c9-11eb-8abd-53a2e1e8cb81/tasks/0675ed50-c6c9-11eb-8abd-53a2e1e8cb81 : 200 : Body={} : Query={} [1ms]
[GET] /boards/0674dbe0-c6c9-11eb-8abd-53a2e1e8cb81/tasks/06761460-c6c9-11eb-8abd-53a2e1e8cb81 : 200 : Body={} : Query={} [1ms]
[DELETE] /boards/0674dbe0-c6c9-11eb-8abd-53a2e1e8cb81 : 204 : Body={} : Query={} [1ms]
[GET] /boards/0674dbe0-c6c9-11eb-8abd-53a2e1e8cb81/tasks/0675ed50-c6c9-11eb-8abd-53a2e1e8cb81 : 404 : Body={} : Query={} [0ms]
[GET] /boards/0674dbe0-c6c9-11eb-8abd-53a2e1e8cb81/tasks/06761460-c6c9-11eb-8abd-53a2e1e8cb81 : 404 : Body={} : Query={} [0ms]
[GET] /boards/0674dbe0-c6c9-11eb-8abd-53a2e1e8cb81/tasks/06763b70-c6c9-11eb-8abd-53a2e1e8cb81 : 404 : Body={} : Query={} [0ms]
[GET] /boards/0674dbe0-c6c9-11eb-8abd-53a2e1e8cb81/tasks/06761461-c6c9-11eb-8abd-53a2e1e8cb81 : 404 : Body={} : Query={} [1ms]
[GET] /boards/0674dbe0-c6c9-11eb-8abd-53a2e1e8cb81/tasks/0675c640-c6c9-11eb-8abd-53a2e1e8cb81 : 404 : Body={} : Query={} [0ms]
[DELETE] /boards/066d61d0-c6c9-11eb-8abd-53a2e1e8cb81 : 204 : Body={} : Query={} [0ms]
[POST] /boards : 201 : Body={"title":"Autotest board","columns":[{"title":"Backlog","order":1},{"title":"Sprint","order":2}]} : Query={} [0ms]
[POST] /boards/06931240-c6c9-11eb-8abd-53a2e1e8cb81/tasks : 201 : Body={"title":"Autotest task","order":0,"description":"Lorem ipsum","userId":null,"boardId":null,"columnId":null} : Query={} [1ms]
[GET] /boards/06931240-c6c9-11eb-8abd-53a2e1e8cb81/tasks : 200 : Body={} : Query={} [0ms]
[GET] /boards/06931240-c6c9-11eb-8abd-53a2e1e8cb81/tasks : 200 : Body={} : Query={} [1ms]
[GET] /boards/06931240-c6c9-11eb-8abd-53a2e1e8cb81/tasks/06936060-c6c9-11eb-8abd-53a2e1e8cb81 : 200 : Body={} : Query={} [0ms]
[POST] /boards/06931240-c6c9-11eb-8abd-53a2e1e8cb81/tasks : 201 : Body={"title":"Autotest task","order":0,"description":"Lorem ipsum","userId":null,"boardId":null,"columnId":null} : Query={} [0ms]
[DELETE] /boards/06931240-c6c9-11eb-8abd-53a2e1e8cb81/tasks/06961f80-c6c9-11eb-8abd-53a2e1e8cb81 : 204 : Body={} : Query={} [1ms]
[POST] /boards/06931240-c6c9-11eb-8abd-53a2e1e8cb81/tasks : 201 : Body={"title":"Autotest task","order":0,"description":"Lorem ipsum","userId":null,"boardId":null,"columnId":null} : Query={} [1ms]
[PUT] /boards/06931240-c6c9-11eb-8abd-53a2e1e8cb81/tasks/0696e2d0-c6c9-11eb-8abd-53a2e1e8cb81 : 200 : Body={"id":"0696e2d0-c6c9-11eb-8abd-53a2e1e8cb81","title":"Autotest updated task","order":0,"description":"Lorem ipsum","userId":null,"boardId":"06931240-c6c9-11eb-8abd-53a2e1e8cb81","columnId":null} : Query={} [0ms]
[GET] /boards/06931240-c6c9-11eb-8abd-53a2e1e8cb81/tasks/0696e2d0-c6c9-11eb-8abd-53a2e1e8cb81 : 200 : Body={} : Query={} [1ms]
[GET] /boards/06931240-c6c9-11eb-8abd-53a2e1e8cb81/tasks/06936060-c6c9-11eb-8abd-53a2e1e8cb81 : 200 : Body={} : Query={} [0ms]
[DELETE] /boards/06931240-c6c9-11eb-8abd-53a2e1e8cb81/tasks/06936060-c6c9-11eb-8abd-53a2e1e8cb81 : 204 : Body={} : Query={} [0ms]
[GET] /boards/06931240-c6c9-11eb-8abd-53a2e1e8cb81/tasks/06936060-c6c9-11eb-8abd-53a2e1e8cb81 : 404 : Body={} : Query={} [1ms]
[DELETE] /boards/06931240-c6c9-11eb-8abd-53a2e1e8cb81 : 204 : Body={} : Query={} [0ms]
